0 info it worked if it ends with ok
1 verbose cli [ '/usr/bin/nodejs', '/usr/bin/npm', 'publish' ]
2 info using npm@3.5.2
3 info using node@v4.2.6
4 verbose publish [ '.' ]
5 silly cache add args [ '.', null ]
6 verbose cache add spec .
7 silly cache add parsed spec Result {
7 silly cache add   raw: '.',
7 silly cache add   scope: null,
7 silly cache add   name: null,
7 silly cache add   rawSpec: '.',
7 silly cache add   spec: '/mnt/c/Users/johne/Sites/atd-legacy-polyfills',
7 silly cache add   type: 'directory' }
8 verbose addLocalDirectory /home/john/.npm/atd-legacy-polyfills/0.0.2/package.tgz not in flight; packing
9 info lifecycle atd-legacy-polyfills@0.0.2~prepublish: atd-legacy-polyfills@0.0.2
10 silly lifecycle atd-legacy-polyfills@0.0.2~prepublish: no script for prepublish, continuing
11 verbose tar pack [ '/home/john/.npm/atd-legacy-polyfills/0.0.2/package.tgz',
11 verbose tar pack   '/mnt/c/Users/johne/Sites/atd-legacy-polyfills' ]
12 verbose tarball /home/john/.npm/atd-legacy-polyfills/0.0.2/package.tgz
13 verbose folder /mnt/c/Users/johne/Sites/atd-legacy-polyfills
14 verbose addLocalTarball adding from inside cache /home/john/.npm/atd-legacy-polyfills/0.0.2/package.tgz
15 silly cache afterAdd atd-legacy-polyfills@0.0.2
16 verbose afterAdd /home/john/.npm/atd-legacy-polyfills/0.0.2/package/package.json not in flight; writing
17 verbose afterAdd /home/john/.npm/atd-legacy-polyfills/0.0.2/package/package.json written
18 silly publish { name: 'atd-legacy-polyfills',
18 silly publish   version: '0.0.2',
18 silly publish   description: 'Bundles polyfills for legacy browsers',
18 silly publish   main: './dist/js/atd-legacy-polyfills.js',
18 silly publish   scripts: { build: 'webpack' },
18 silly publish   repository:
18 silly publish    { type: 'git',
18 silly publish      url: 'git+https://github.com/airtightdesign/atd-legacy-polyfills.git' },
18 silly publish   keywords: [ 'frontend', 'browser-support', 'polyfills' ],
18 silly publish   author: { name: 'John Graham', email: 'john@airtightdesign.com' },
18 silly publish   license: 'MIT',
18 silly publish   bugs: { url: 'https://github.com/airtightdesign/atd-legacy-polyfills/issues' },
18 silly publish   homepage: 'https://github.com/airtightdesign/atd-legacy-polyfills#readme',
18 silly publish   devDependencies:
18 silly publish    { 'babel-core': '^6.26.0',
18 silly publish      'babel-loader': '^7.1.2',
18 silly publish      'babel-preset-es2015': '^6.24.1',
18 silly publish      webpack: '^3.10.0' },
18 silly publish   dependencies: { 'es6-promise-polyfill': '^1.2.0', 'whatwg-fetch': '^2.0.3' },
18 silly publish   readme: '# atd-legacy-polyfills\nBundles polyfills for legacy browsers\n\n## Polyfills Included:\n\n- [`fetch`] (https://github.com/github/fetch)\n- [`Promise`](https://github.com/lahmatiy/es6-promise-polyfill)',
18 silly publish   readmeFilename: 'README.md',
18 silly publish   gitHead: '260d20056f172e29e99621aaf71f4fcafac077b9',
18 silly publish   _id: 'atd-legacy-polyfills@0.0.2',
18 silly publish   _shasum: '787e19a1893418beade40262bc0b89b41e27b35c',
18 silly publish   _from: '.' }
19 verbose getPublishConfig undefined
20 silly mapToRegistry name atd-legacy-polyfills
21 silly mapToRegistry using default registry
22 silly mapToRegistry registry https://registry.npmjs.org/
23 silly mapToRegistry uri https://registry.npmjs.org/atd-legacy-polyfills
24 verbose publish registryBase https://registry.npmjs.org/
25 silly publish uploading /home/john/.npm/atd-legacy-polyfills/0.0.2/package.tgz
26 verbose request uri https://registry.npmjs.org/atd-legacy-polyfills
27 verbose request sending authorization for write operation
28 info attempt registry request try #1 at 9:49:00 AM
29 verbose request using bearer token for auth
30 verbose request id 0bacf5ec5b0f49db
31 http request PUT https://registry.npmjs.org/atd-legacy-polyfills
32 http 503 https://registry.npmjs.org/atd-legacy-polyfills
33 verbose bad json <?xml version="1.0" encoding="utf-8"?>
33 verbose bad json <!DOCTYPE html PUBLIC "-//W3C//DTD XHTML 1.0 Strict//EN"
33 verbose bad json  "http://www.w3.org/TR/xhtml1/DTD/xhtml1-strict.dtd">
33 verbose bad json <html>
33 verbose bad json   <head>
33 verbose bad json     <title>503 first byte timeout</title>
33 verbose bad json   </head>
33 verbose bad json   <body>
33 verbose bad json     <h1>Error 503 first byte timeout</h1>
33 verbose bad json     <p>first byte timeout</p>
33 verbose bad json     <h3>Guru Mediation:</h3>
33 verbose bad json     <p>Details: cache-pdk17841-PDK 1517582969 2764577353</p>
33 verbose bad json     <hr>
33 verbose bad json     <p>Varnish cache server</p>
33 verbose bad json   </body>
33 verbose bad json </html>
34 error registry error parsing json
35 verbose headers { server: 'Varnish',
35 verbose headers   'retry-after': '0',
35 verbose headers   'content-type': 'text/html; charset=utf-8',
35 verbose headers   'content-length': '449',
35 verbose headers   'accept-ranges': 'bytes',
35 verbose headers   date: 'Fri, 02 Feb 2018 14:49:29 GMT',
35 verbose headers   via: '1.1 varnish',
35 verbose headers   connection: 'close',
35 verbose headers   'x-served-by': 'cache-pdk17841-PDK',
35 verbose headers   'x-cache': 'MISS',
35 verbose headers   'x-cache-hits': '0',
35 verbose headers   'x-timer': 'S1517582938.236502,VS0,VE31004' }
36 info retry will retry, error on last attempt: SyntaxError: Unexpected token <
36 info retry
36 info retry <?xml version="1.0" encoding="utf-8"?>
36 info retry <!DOCTYPE html PUBLIC "-//W3C//DTD XHTML 1.0 Strict//EN"
36 info retry  "http://www.w3.org/TR/xhtml1/DTD/xhtml1-strict.dtd">
36 info retry <html>
36 info retry   <head>
36 info retry     <title>503 first byte timeout</title>
36 info retry   </head>
36 info retry   <body>
36 info retry     <h1>Error 503 first byte timeout</h1>
36 info retry     <p>first byte timeout</p>
36 info retry     <h3>Guru Mediation:</h3>
36 info retry     <p>Details: cache-pdk17841-PDK 1517582969 2764577353</p>
36 info retry     <hr>
36 info retry     <p>Varnish cache server</p>
36 info retry   </body>
36 info retry </html>
37 info attempt registry request try #2 at 9:49:42 AM
38 verbose request using bearer token for auth
39 http request PUT https://registry.npmjs.org/atd-legacy-polyfills
40 http 403 https://registry.npmjs.org/atd-legacy-polyfills
41 verbose headers { 'content-type': 'application/json',
41 verbose headers   'cache-control': 'max-age=300',
41 verbose headers   'content-length': '91',
41 verbose headers   'accept-ranges': 'bytes',
41 verbose headers   date: 'Fri, 02 Feb 2018 14:49:40 GMT',
41 verbose headers   via: '1.1 varnish',
41 verbose headers   connection: 'keep-alive',
41 verbose headers   'x-served-by': 'cache-pdk17830-PDK',
41 verbose headers   'x-cache': 'MISS',
41 verbose headers   'x-cache-hits': '0',
41 verbose headers   'x-timer': 'S1517582980.508297,VS0,VE1171',
41 verbose headers   vary: 'Accept-Encoding, Accept' }
42 verbose request invalidating /home/john/.npm/registry.npmjs.org/atd-legacy-polyfills on PUT
43 error publish Failed PUT 403
44 verbose stack Error: You cannot publish over the previously published version 0.0.2. : atd-legacy-polyfills
44 verbose stack     at makeError (/usr/share/npm/node_modules/npm-registry-client/lib/request.js:264:12)
44 verbose stack     at CachingRegistryClient.<anonymous> (/usr/share/npm/node_modules/npm-registry-client/lib/request.js:252:14)
44 verbose stack     at Request._callback (/usr/share/npm/node_modules/npm-registry-client/lib/request.js:172:14)
44 verbose stack     at Request.self.callback (/usr/share/npm/node_modules/request/request.js:198:22)
44 verbose stack     at emitTwo (events.js:87:13)
44 verbose stack     at Request.emit (events.js:172:7)
44 verbose stack     at Request.<anonymous> (/usr/share/npm/node_modules/request/request.js:1082:10)
44 verbose stack     at emitOne (events.js:82:20)
44 verbose stack     at Request.emit (events.js:169:7)
44 verbose stack     at IncomingMessage.<anonymous> (/usr/share/npm/node_modules/request/request.js:1009:12)
45 verbose statusCode 403
46 verbose pkgid atd-legacy-polyfills
47 verbose cwd /mnt/c/Users/johne/Sites/atd-legacy-polyfills
48 error Linux 4.4.0-43-Microsoft
49 error argv "/usr/bin/nodejs" "/usr/bin/npm" "publish"
50 error node v4.2.6
51 error npm  v3.5.2
52 error code E403
53 error You cannot publish over the previously published version 0.0.2. : atd-legacy-polyfills
54 error If you need help, you may report this error at:
54 error     <https://github.com/npm/npm/issues>
55 verbose exit [ 1, true ]
